\BOOKMARK [1][-]{section.1}{\376\377\137\025\212\000}{}% 1
\BOOKMARK [1][-]{section.2}{\376\377\116\300\116\110\146\057\124\021\137\303\122\233\377\037}{}% 2
\BOOKMARK [2][-]{subsection.2.1}{\376\377\124\021\137\303\122\233\166\204\133\232\116\111}{section.2}% 3
\BOOKMARK [2][-]{subsection.2.2}{\376\377\124\021\137\303\122\233\116\015\120\132\122\237}{section.2}% 4
\BOOKMARK [1][-]{section.3}{\376\377\124\021\137\303\122\233\121\154\137\017\143\250\133\374}{}% 5
\BOOKMARK [2][-]{subsection.3.1}{\376\377\152\041\127\213\213\364\146\016}{section.3}% 6
\BOOKMARK [2][-]{subsection.3.2}{\376\377\124\021\137\303\122\240\220\037\136\246\166\204\145\271\124\021\143\250\133\374}{section.3}% 7
\BOOKMARK [2][-]{subsection.3.3}{\376\377\124\021\137\303\122\240\220\037\136\246\131\047\134\017\143\250\133\374}{section.3}% 8
\BOOKMARK [2][-]{subsection.3.4}{\376\377\176\323\213\272}{section.3}% 9
\BOOKMARK [2][-]{subsection.3.5}{\376\377\210\145\121\105\213\364\146\016}{section.3}% 10
\BOOKMARK [3][-]{subsubsection.3.5.1}{\376\377\121\163\116\216\000\040\000|\000|\000\040\166\204\121\340\117\125\154\102\154\325}{subsection.3.5}% 11
\BOOKMARK [3][-]{subsubsection.3.5.2}{\376\377\121\163\116\216\145\340\172\167\134\017\146\377\143\142\166\204\116\045\150\074\147\141\116\366}{subsection.3.5}% 12
\BOOKMARK [1][-]{section.4}{\376\377\124\021\137\303\122\233\116\016\121\166\116\326\162\151\164\006\221\317\166\204\121\163\174\373}{}% 13
\BOOKMARK [1][-]{section.5}{\376\377\121\170\127\213\117\213\230\230\122\006\147\220}{}% 14
\BOOKMARK [2][-]{subsection.5.1}{\376\377\117\213\230\230\116\000\377\032\127\006\225\045\144\106}{section.5}% 15
\BOOKMARK [2][-]{subsection.5.2}{\376\377\117\213\230\230\116\214\377\032\154\175\217\146\217\154\137\057}{section.5}% 16
\BOOKMARK [1][-]{section.6}{\376\377\124\021\137\303\122\233\116\016\171\273\137\303\122\233}{}% 17
\BOOKMARK [1][-]{section.7}{\376\377\165\037\155\073\116\055\166\204\124\021\137\303\122\233}{}% 18
\BOOKMARK [2][-]{subsection.7.1}{\376\377\127\060\164\003\201\352\217\154\116\016\221\315\122\233}{section.7}% 19
\BOOKMARK [2][-]{subsection.7.2}{\376\377\155\027\210\143\147\072\165\051\136\162\123\237\164\006}{section.7}% 20
\BOOKMARK [2][-]{subsection.7.3}{\376\377\123\153\146\037\217\150\220\123}{section.7}% 21
\BOOKMARK [1][-]{section.8}{\376\377\227\136\123\000\220\037\127\006\124\150\217\320\122\250\116\055\166\204\124\021\137\303\122\233}{}% 22
\BOOKMARK [1][-]{section.9}{\376\377\134\017\176\323}{}% 23
